<?xml version="1.0" encoding="UTF-8"?>
<!-- Generated by org.testng.reporters.JUnitReportReporter -->
<testsuite skipped="0" hostname="Jeys-MacBook-Pro.local" name="com.tireproject.tests.test" tests="1" failures="0" timestamp="06 Nov 2021 07:52:20 GMT" time="641.200" errors="0">
  <testcase name="getSizeResult_test" time="641.200" classname="com.tireproject.tests.test"/>
</testsuite> <!-- com.tireproject.tests.test -->
