<?xml version="1.0" encoding="UTF-8"?>
<!-- Generated by org.testng.reporters.JUnitReportReporter -->
<testsuite skipped="0" hostname="Jeys-MacBook-Pro.local" name="com.bridgestone.tests.TireSizeTest" tests="4" failures="0" timestamp="03 Nov 2021 00:04:56 GMT" time="0.318" errors="0">
  <testcase name="diameterDetailsTest" time="0.241" classname="com.bridgestone.tests.TireSizeTest"/>
  <testcase name="getTireSize_Count_Test" time="0.059" classname="com.bridgestone.tests.TireSizeTest"/>
  <testcase name="getSecondaryTireLinkList_Test" time="0.012" classname="com.bridgestone.tests.TireSizeTest"/>
  <testcase name="getTirePageTitle_Test" time="0.006" classname="com.bridgestone.tests.TireSizeTest"/>
</testsuite> <!-- com.bridgestone.tests.TireSizeTest -->
